date :  24/03/2024 17:03:44
file :  data/auto93.csv
repeats : 20
seed :  1234567891
rows :  398
cols :  6
#base #bonr9 #rand9 #bonr15 #rand15 #bonr20 #rand20 #rand358
best :  0.17
tiny :  0.06
#
 0,              rand358,  0.17,  0.00, *                   |                   ,  0.17,  0.93
#
 1,               rand20,  0.30,  0.09,     ---*-           |                   ,  0.17,  0.93
#
 2,               bonr15,  0.31,  0.11,     ---*-           |                   ,  0.17,  0.93
 2,               bonr20,  0.31,  0.07,     ---*            |                   ,  0.17,  0.93
 2,               rand15,  0.31,  0.10,     ---*-           |                   ,  0.17,  0.93
 2,                rand9,  0.33,  0.11,     ----*-          |                   ,  0.17,  0.93
 2,                bonr9,  0.34,  0.08,        --*-         |                   ,  0.17,  0.93
#
 3,                 base,  0.55,  0.20,              -------*---                ,  0.17,  0.93