--------PART 1--------
date : 08/02/2024 07:42:53
file : ../data/auto93.csv
repeats  : 20
seed : 31210
rows : 398
cols : 8
names   ['Clndrs', 'Volume', 'HpX', 'Model', 'origin', 'Lbs-', 'Acc+', 'Mpg+']  D2h-
# SMO Results #
smo9    [4, 112, 120, 118, 77, 99, 110, 119, 19.756238430193783]        0.19
smo9    [4, 91, 116, 130, 126, 70, 129, 96, 17.548177194715546] 0.19
smo9    [4, 111, 89, 81, 70, 88, 81, 77, 16.81984537484798]     0.19
smo9    [4, 130, 100, 101, 86, 114, 128, 114, 24.752006168267776]       0.19
#
smo9    [4, 111, 126, 94, 93, 118, 79, 117, 23.59706061653268]  0.19
smo9    [4, 70, 77, 84, 93, 107, 111, 80, 23.296191316521575]   0.19
smo9    [4, 129, 88, 123, 79, 119, 117, 109, 23.578017075145375]        0.19
smo9    [4, 83, 88, 128, 103, 107, 88, 85, 15.949285671667875]  0.19
#
smo9    [4, 73, 72, 77, 123, 91, 74, 115, 24.578641763032905]   0.19
smo9    [4, 70, 97, 125, 119, 76, 110, 107, 19.559109136803755] 0.19
smo9    [4, 76, 100, 102, 118, 114, 76, 105, 22.692874285101343]        0.19
smo9    [4, 118, 98, 129, 86, 96, 114, 130, 23.158973171910848] 0.19
#
smo9    [4, 112, 98, 81, 114, 113, 120, 79, 15.817211592358946] 0.19
smo9    [4, 77, 72, 114, 70, 126, 115, 76, 19.419463561009074]  0.19
smo9    [4, 118, 128, 75, 77, 122, 130, 126, 24.306212377390885]        0.19
smo9    [4, 88, 112, 108, 97, 121, 114, 106, 16.39805684118952] 0.19
#
smo9    [4, 120, 79, 70, 97, 94, 127, 85, 15.178883962640352]   0.19
smo9    [4, 95, 86, 107, 76, 89, 78, 121, 22.452384662750376]   0.19
smo9    [4, 130, 110, 128, 124, 74, 128, 70, 15.589024722010747]        0.19
smo9    [4, 127, 128, 77, 72, 94, 79, 117, 23.82239771064781]   0.19
#
# Random 50 Samples Results #
any50   [4, 75, 125, 109, 70, 110, 120, 79, 19.46893332381842]  0.17
any50   [4, 115, 74, 86, 111, 130, 105, 124, 16.294107094587986]        0.17
any50   [4, 79, 94, 128, 81, 105, 103, 105, 17.906067908430238] 0.17
any50   [4, 114, 96, 75, 117, 115, 122, 112, 21.18603475818737] 0.17
#
any50   [4, 104, 82, 78, 87, 109, 126, 127, 23.43465894776127]  0.17
any50   [4, 80, 115, 94, 76, 89, 103, 75, 20.254348750643118]   0.17
any50   [4, 112, 84, 112, 74, 85, 72, 106, 22.901642067347]     0.17
any50   [4, 115, 84, 87, 89, 80, 120, 79, 23.421696868066455]   0.17
#
any50   [4, 129, 101, 127, 103, 80, 125, 126, 17.85816503254724]        0.17
any50   [4, 127, 130, 118, 127, 85, 77, 119, 20.453102436842897]        0.17
any50   [4, 91, 118, 116, 74, 106, 126, 117, 19.109054083211667]        0.17
any50   [4, 74, 84, 124, 96, 100, 112, 100, 16.336427117655642] 0.17
#
any50   [4, 76, 106, 112, 123, 115, 104, 99, 20.50082609134941] 0.17
any50   [4, 74, 95, 105, 116, 108, 106, 70, 24.709977536080114] 0.17
any50   [4, 77, 113, 87, 100, 114, 105, 124, 15.593273079038068]        0.17
any50   [4, 78, 86, 73, 92, 99, 96, 119, 23.50174796604918]     0.17
#
any50   [4, 74, 90, 128, 119, 125, 77, 126, 20.01686894393974]  0.17
any50   [4, 105, 93, 80, 102, 90, 79, 125, 18.09240512232141]   0.17
any50   [4, 125, 88, 70, 76, 116, 103, 109, 20.21657632226751]  0.17
any50   [4, 92, 124, 83, 126, 82, 84, 123, 20.758393557134127]  0.17
#
# 100% Evaluation Results #
100%    [4, 100, 110, 116, 95, 71, 103, 73, 16.55721433968638]  0.17
100%    [4, 93, 71, 113, 124, 114, 85, 107, 18.24859808788831]  0.17
100%    [4, 116, 71, 88, 79, 81, 81, 110, 21.222830052580946]   0.17
100%    [4, 96, 124, 82, 96, 92, 85, 82, 20.65978372138493]     0.17
#
100%    [4, 123, 91, 105, 126, 121, 73, 114, 23.087199839872596]        0.17
100%    [4, 118, 74, 94, 107, 111, 85, 99, 24.327719038378085]  0.17
100%    [4, 112, 89, 71, 100, 79, 117, 93, 21.64344395352773]   0.17
100%    [4, 114, 92, 108, 95, 125, 82, 119, 22.334092402901042] 0.17
#
100%    [4, 94, 117, 119, 117, 130, 75, 79, 19.149227766231903] 0.17
100%    [4, 105, 119, 75, 79, 99, 97, 125, 16.17775873108166]   0.17
100%    [4, 83, 107, 122, 121, 129, 84, 98, 15.61533465822798]  0.17
100%    [4, 129, 128, 89, 83, 99, 128, 77, 19.402977727356383]  0.17
#
100%    [4, 110, 119, 92, 112, 116, 112, 106, 19.872526535430094]       0.17
100%    [4, 112, 89, 129, 78, 100, 88, 75, 17.07041735098024]   0.17
100%    [4, 93, 123, 84, 94, 117, 116, 70, 22.879282640189384]  0.17
100%    [4, 85, 126, 107, 122, 119, 84, 77, 16.800790693026908] 0.17
#
100%    [4, 120, 96, 87, 99, 107, 120, 120, 21.14618499532265]  0.17
100%    [4, 88, 119, 114, 70, 97, 115, 87, 16.056096111253705]  0.17
100%    [4, 107, 85, 102, 117, 127, 111, 73, 18.796695554361907]        0.17
100%    [4, 98, 99, 118, 74, 84, 91, 96, 22.107047089936128]    0.17
#
--------PART 2--------
{'strategy': 'bonr', 'budget': 20, 'mid_d2h': 0.6710765814918095, 'top_d2h': 0.43037730018544307}
{'strategy': 'bonr', 'budget': 20, 'mid_d2h': 0.6109179648097894, 'top_d2h': 0.421551273523217}
{'strategy': 'bonr', 'budget': 20, 'mid_d2h': 0.6319136302314764, 'top_d2h': 0.556313389508776}
{'strategy': 'bonr', 'budget': 20, 'mid_d2h': 0.5198721486402149, 'top_d2h': 0.482796991141715}
{'strategy': 'bonr', 'budget': 20, 'mid_d2h': 0.7075240056224001, 'top_d2h': 0.5134723127900729}
{'strategy': 'bonr', 'budget': 20, 'mid_d2h': 0.6319136302314764, 'top_d2h': 0.4203742029109774}
{'strategy': 'bonr', 'budget': 20, 'mid_d2h': 0.6721162581595445, 'top_d2h': 0.5275242343786836}
{'strategy': 'bonr', 'budget': 20, 'mid_d2h': 0.6109179648097894, 'top_d2h': 0.5296250046093994}
{'strategy': 'bonr', 'budget': 20, 'mid_d2h': 0.5756887384383592, 'top_d2h': 0.4516104958566788}
{'strategy': 'bonr', 'budget': 20, 'mid_d2h': 0.6547151180909875, 'top_d2h': 0.5312904251479064}
{'strategy': 'bonr', 'budget': 20, 'mid_d2h': 0.482796991141715, 'top_d2h': 0.4355227942165856}
{'strategy': 'bonr', 'budget': 20, 'mid_d2h': 0.6641635065280125, 'top_d2h': 0.548107166103657}
{'strategy': 'bonr', 'budget': 20, 'mid_d2h': 0.7517553793177688, 'top_d2h': 0.5709097354514125}
{'strategy': 'bonr', 'budget': 20, 'mid_d2h': 0.648023724316518, 'top_d2h': 0.4203742029109774}
{'strategy': 'bonr', 'budget': 20, 'mid_d2h': 0.7080726906739405, 'top_d2h': 0.6001984412800778}
{'strategy': 'bonr', 'budget': 20, 'mid_d2h': 0.5241177623687624, 'top_d2h': 0.5557360169656078}
{'strategy': 'bonr', 'budget': 20, 'mid_d2h': 0.7208076945021926, 'top_d2h': 0.482796991141715}
{'strategy': 'bonr', 'budget': 20, 'mid_d2h': 0.6177524798689691, 'top_d2h': 0.43037730018544307}
{'strategy': 'bonr', 'budget': 20, 'mid_d2h': 0.6634706782338305, 'top_d2h': 0.5395691940729019}
{'strategy': 'bonr', 'budget': 20, 'mid_d2h': 0.4229418517430584, 'top_d2h': 0.5512536192593477}