--------TREE--------

|.. 
|.. |..
|.. |.. |..
|.. |.. |.. |.. 0.43    {4.0, 127.58, 0, 81.71, 1, 2530.42, 16.52, 30.42}
|.. |.. |.. |.. 0.45    {4.0, 124.4, 0, 78.68, 1, 2445.72, 15.74, 29.2}
|.. |.. |..
|.. |.. |.. |.. 0.35    {4.0, 102.84, 0, 80.64, 2, 2214.04, 17.46, 34.4}
|.. |.. |.. |.. 0.46    {4.44, 120.12, 0, 77.28, 2, 2646.76, 16.52, 28.0}
|.. |..
|.. |.. |..
|.. |.. |.. |.. 0.38    {3.92, 96.76, 0, 80.2, 3, 2199.16, 16.5, 33.6}
|.. |.. |.. |.. 0.45    {4.4, 112.16, 0, 77.16, 3, 2299.36, 16.12, 28.0}
|.. |.. |..
|.. |.. |.. |.. 0.47    {4.0, 102.6, 0, 73.12, 2, 2315.4, 16.42, 25.6}
|.. |.. |.. |.. 0.45    {3.92, 96.76, 0, 71.76, 3, 2185.28, 16.32, 26.8}
|..
|.. |..
|.. |.. |..
|.. |.. |.. |.. 0.64    {6.67, 258.63, 0, 70.83, 1, 3298.79, 14.42, 18.33}
|.. |.. |.. |.. 0.76    {8.0, 313.72, 0, 72.96, 1, 3999.68, 13.44, 14.0}
|.. |.. |..
|.. |.. |.. |.. 0.79    {8.0, 352.56, 0, 74.88, 1, 4274.0, 12.86, 14.4}
|.. |.. |.. |.. 0.86    {8.0, 405.72, 0, 71.44, 1, 4403.36, 11.1, 12.0}
|.. |..
|.. |.. |..
|.. |.. |.. |.. 0.56    {6.0, 215.76, 0, 79.2, 1, 3194.44, 16.33, 22.0}
|.. |.. |.. |.. 0.64    {7.6, 300.08, 0, 78.16, 1, 3727.64, 15.53, 20.4}
|.. |.. |..
|.. |.. |.. |.. 0.48    {4.32, 131.02, 0, 73.4, 1, 2427.16, 16.61, 24.4}
|.. |.. |.. |.. 0.58    {6.0, 234.08, 0, 74.76, 1, 3361.12, 17.2, 20.0}

                0.54 {5.45, 193.43, 0, 76.01, 1, 2970.42, 15.57, 23.84}
                _ ['Clndrs', 'Volume', 'HpX', 'Model', 'origin', 'Lbs-', 'Acc+', 'Mpg+']
evals:  30



--------BRANCH--------
centroid of output cluster:
 {4.0, 100.33, 0, 81.08, 3, 2144.0, 16.37, 34.58}
evals:  5



--------DOUBLE TAP--------
centroid of best of 4 cluster:
 {4.0, 91.33, 0, 78.0, 3, 2001.67, 17.2, 36.67}
evals:  9