1. top6 [[3015, 17, 40], [3211, 17, 20], [1800, 14.4, 40], [2870, 18.1, 30], [2125, 14.7, 40], [2230, 14.5, 30]]
1. top6 [[1835, 20.5, 30], [4294, 16, 10], [4732, 18.5, 10], [2234, 12.5, 30], [2511, 18, 20], [2575, 16.2, 30]]
1. top6 [[3211, 17, 20], [1980, 15.3, 40], [3150, 15.7, 20], [2035, 22.2, 30], [4135, 13.5, 20], [2045, 18.5, 30]]
1. top6 [[2220, 16.9, 30], [1995, 16.2, 40], [2725, 12.6, 20], [4154, 13.5, 10], [1940, 14.5, 30], [2639, 17, 20]]
1. top6 [[2135, 16.6, 30], [2160, 14.5, 40], [3282, 15, 20], [3820, 16.7, 20], [2945, 16, 20], [3504, 12, 20]]
1. top6 [[3003, 20.1, 20], [2130, 24.6, 40], [1975, 15.2, 30], [2901, 16, 20], [2990, 18.2, 20], [4746, 12, 10]]
1. top6 [[2372, 15, 20], [2930, 13.8, 20], [3139, 14.5, 20], [2025, 18.2, 40], [3233, 15.4, 20], [2070, 18.6, 40]]
1. top6 [[3121, 16.5, 20], [2144, 14.7, 40], [3003, 20.1, 20], [2046, 19, 30], [2255, 17.7, 30], [1835, 20.5, 30]]
1. top6 [[3158, 19.5, 20], [2490, 15.7, 30], [3897, 18.5, 20], [4456, 13.5, 10], [4215, 12.8, 10], [2155, 16.5, 30]]
1. top6 [[2735, 18, 30], [4382, 13.5, 10], [3609, 8, 10], [2575, 16.2, 30], [3085, 17.6, 20], [3870, 15, 10]]
1. top6 [[3730, 19, 20], [2740, 16, 20], [2545, 17, 20], [3781, 17, 20], [2065, 17.8, 30], [1970, 17.6, 30]]
1. top6 [[5140, 12, 10], [3840, 15.4, 20], [3015, 17, 40], [3432, 21, 20], [3830, 15.2, 20], [2408, 19, 20]]
1. top6 [[2560, 14.2, 30], [4380, 12.1, 20], [3150, 15.7, 20], [2288, 17, 30], [3820, 16.7, 20], [2620, 14.4, 30]]
1. top6 [[4257, 15.5, 10], [3988, 13, 10], [2735, 18, 30], [2279, 19, 20], [4274, 12, 10], [4699, 14.5, 10]]
1. top6 [[2875, 17, 20], [2108, 15.5, 20], [2575, 16.2, 30], [2020, 19.2, 30], [4274, 12, 10], [2620, 14.4, 30]]
1. top6 [[1965, 15, 40], [4237, 14.5, 10], [2795, 15.7, 20], [2945, 16, 20], [2330, 13.5, 20], [2575, 16.2, 30]]
1. top6 [[3250, 21.8, 30], [2950, 19.9, 40], [3410, 15.1, 20], [1965, 15, 40], [2125, 17.3, 40], [1950, 19, 30]]
1. top6 [[2070, 18.6, 40], [4354, 9, 10], [4906, 12.5, 10], [1850, 13.8, 40], [1649, 16.5, 30], [3140, 13.6, 20]]
1. top6 [[2188, 15.8, 30], [2790, 15.6, 30], [2265, 18.2, 30], [3425, 13.2, 20], [2585, 14.5, 30], [2254, 23.5, 20]]
1. top6 [[4951, 11, 10], [2074, 19.5, 30], [2110, 19.2, 40], [2620, 14.4, 30], [1649, 16.5, 30], [4425, 10, 10]]



2. top50 [[3015, 17, 40], [3211, 17, 20], [1800, 14.4, 40], [2870, 18.1, 30], [2125, 14.7, 40], [2230, 14.5, 30], [2702, 13.5, 20], [2300, 14.7, 30], [2945, 16, 20], [2905, 14.3, 20], [3070, 16.7, 20], [3530, 20.1, 30], [2855, 17.6, 20], [3870, 15, 10], [2790, 15.6, 30], [4054, 14.3, 20], [3278, 18, 20], [2900, 12.6, 30], [2634, 13, 20], [2965, 15.8, 20], [3821, 11, 10], [2205, 14.5, 40], [4502, 13.5, 10], [4098, 14, 10], [1835, 20.5, 30], [3035, 20.5, 20], [1955, 20.5, 30], [1975, 15.2, 30], [3121, 16.5, 20], [3632, 18, 20], [3672, 11.5, 10], [2451, 16.5, 30], [3439, 15.5, 20], [2350, 16.8, 30], [4209, 12, 10], [1850, 13.8, 40], [2164, 22.1, 20], [1975, 19.4, 40], [3962, 13.9, 20], [3955, 13.2, 20], [2835, 14.7, 20], [2164, 15, 30], [2635, 18.3, 30], [2124, 13.5, 20], [3270, 21.9, 20], [3329, 15.5, 20], [3288, 15.5, 20], [2830, 15.9, 20], [1875, 16.4, 40], [3381, 18.7, 20]]
2. top50 [[1835, 20.5, 30], [4294, 16, 10], [4732, 18.5, 10], [2234, 12.5, 30], [2511, 18, 20], [2575, 16.2, 30], [2395, 16, 20], [2046, 19, 30], [2565, 13.6, 30], [3725, 13.4, 20], [2000, 16, 30], [3730, 19, 20], [4278, 9.5, 20], [2434, 15, 40], [2158, 15.5, 20], [2120, 15.5, 30], [2164, 22.1, 20], [4312, 8.5, 10], [2595, 11.3, 30], [2868, 15.5, 20], [1825, 18.6, 40], [3664, 11, 10], [1845, 15.3, 30], [4055, 12, 10], [3070, 16.7, 20], [3288, 15.5, 20], [2035, 22.2, 30], [2635, 16.4, 30], [3955, 13.2, 20], [5140, 12, 10], [1795, 17.4, 30], [2160, 14.5, 40], [1773, 19, 30], [3735, 13.2, 20], [3830, 15.2, 20], [2188, 15.8, 30], [3430, 17.2, 20], [1950, 19, 30], [2984, 14.5, 20], [2020, 19.2, 30], [2045, 16.2, 30], [2380, 20.7, 30], [2130, 14.7, 40], [2735, 18, 30], [2125, 17.3, 40], [3535, 19.2, 20], [2335, 23.7, 40], [2144, 14.7, 40], [1937, 14, 30], [4140, 13.7, 20]]
2. top50 [[3211, 17, 20], [1980, 15.3, 40], [3150, 15.7, 20], [2035, 22.2, 30], [4135, 13.5, 20], [2045, 18.5, 30], [3955, 13.2, 20], [1773, 19, 30], [2962, 13.5, 20], [3264, 16, 20], [3820, 16.7, 20], [2472, 14, 20], [1945, 16.8, 30], [2420, 12.5, 20], [3672, 11.5, 10], [1990, 17, 30], [2615, 14.8, 30], [2045, 16.2, 30], [4732, 18.5, 10], [2678, 16.5, 30], [2230, 14.5, 30], [3250, 21.8, 30], [4060, 19, 20], [3755, 14, 10], [3433, 12, 20], [1950, 21, 30], [2226, 16.5, 20], [2990, 18.2, 20], [3725, 13.4, 20], [4638, 16, 10], [2500, 15.1, 40], [3525, 19, 20], [3039, 15, 20], [4209, 12, 10], [3459, 16, 20], [3085, 17.6, 20], [3870, 15, 10], [1850, 13.8, 40], [3205, 11.2, 20], [2572, 14.9, 30], [1845, 15.3, 30], [2755, 15.8, 30], [2223, 16.5, 30], [3003, 20.1, 20], [2320, 15.8, 30], [2740, 16, 20], [2451, 16.5, 30], [4422, 12.5, 10], [3850, 8.5, 20], [2542, 17, 30]]
2. top50 [[2220, 16.9, 30], [1995, 16.2, 40], [2725, 12.6, 20], [4154, 13.5, 10], [1940, 14.5, 30], [2639, 17, 20], [3150, 15.7, 20], [2391, 15.5, 30], [4382, 13.5, 10], [2288, 17, 30], [2215, 14.9, 30], [3730, 19, 20], [2957, 17, 20], [4220, 11.1, 20], [1835, 17.3, 40], [2945, 16.4, 30], [3520, 16.4, 20], [3039, 15, 20], [1975, 19.4, 40], [1990, 17, 30], [3139, 14.5, 20], [3892, 12.5, 20], [2790, 15.6, 30], [4215, 13, 20], [2190, 14.1, 30], [2420, 12.5, 20], [2370, 13, 40], [2220, 14, 20], [3672, 11.5, 20], [2375, 17.5, 30], [2330, 13.5, 20], [4440, 14, 20], [3630, 17.7, 20], [4425, 10, 10], [2665, 13.9, 30], [3221, 13.5, 20], [3399, 11, 20], [2045, 18.5, 30], [3432, 21, 20], [2755, 15.8, 30], [2904, 16, 20], [3245, 15.4, 20], [2990, 18.2, 20], [4096, 13, 10], [4098, 14, 10], [2135, 16.6, 30], [3278, 18, 20], [2025, 18.2, 40], [3897, 18.5, 20], [3459, 16, 20]]
2. top50 [[2135, 16.6, 30], [2160, 14.5, 40], [3282, 15, 20], [3820, 16.7, 20], [2945, 16, 20], [3504, 12, 20], [2145, 18, 30], [2702, 13.5, 20], [1985, 21.5, 40], [2634, 13, 20], [3830, 15.2, 20], [4312, 8.5, 10], [2279, 19, 20], [2234, 12.5, 30], [1835, 17.3, 40], [4668, 11.5, 20], [2901, 16, 20], [4140, 13.7, 20], [2130, 14.5, 30], [2051, 17, 30], [4425, 10, 10], [2123, 14, 30], [2110, 17.9, 50], [3039, 15, 20], [4746, 12, 10], [2615, 14.8, 30], [1915, 14.4, 40], [2215, 14.9, 30], [3620, 18.7, 20], [4165, 11.4, 20], [3465, 16.6, 20], [2130, 14.7, 40], [2125, 17.3, 40], [4129, 13, 10], [4341, 10, 20], [3264, 16, 20], [3270, 21.9, 20], [2278, 15.5, 20], [3003, 20.1, 20], [2202, 15.3, 30], [2464, 15.5, 30], [1755, 16.9, 40], [2745, 16.7, 20], [2264, 15.5, 30], [2110, 19.2, 40], [3672, 11.5, 20], [3288, 15.5, 20], [4502, 13.5, 10], [3158, 19.5, 20], [2035, 22.2, 30]]
2. top50 [[3003, 20.1, 20], [2130, 24.6, 40], [1975, 15.2, 30], [2901, 16, 20], [2990, 18.2, 20], [4746, 12, 10], [1968, 18.8, 40], [3102, 16.5, 20], [2158, 15.5, 20], [1835, 20.5, 30], [2865, 16.4, 20], [3962, 13.9, 20], [3570, 12.8, 20], [2671, 13.5, 30], [3840, 15.4, 20], [3465, 16.6, 20], [2130, 14.5, 30], [1850, 13.8, 40], [2171, 16, 30], [2223, 16.5, 30], [4135, 13.5, 20], [2420, 12.5, 20], [2648, 15, 20], [2290, 17, 30], [3520, 16.4, 20], [1835, 17.3, 40], [3360, 16.6, 20], [2050, 17.3, 40], [2965, 15.8, 20], [2300, 14.7, 30], [3730, 19, 20], [2110, 19.2, 40], [1945, 16.8, 30], [4341, 10, 20], [4906, 12.5, 10], [4425, 10, 10], [2265, 15.2, 30], [4257, 15.5, 10], [3086, 10, 10], [3039, 15, 20], [3381, 18.7, 20], [4363, 13, 10], [2434, 15, 40], [2160, 14.5, 40], [4100, 13, 10], [4360, 14.9, 20], [2125, 14.5, 30], [3880, 12.5, 20], [3139, 14.5, 20], [2900, 12.6, 30]]
2. top50 [[2372, 15, 20], [2930, 13.8, 20], [3139, 14.5, 20], [2025, 18.2, 40], [3233, 15.4, 20], [2070, 18.6, 40], [2740, 16, 20], [2950, 19.9, 40], [2391, 15.5, 30], [3302, 15.5, 20], [2130, 14.7, 40], [4295, 14.9, 20], [3761, 9.5, 20], [2670, 16, 30], [2408, 19.5, 20], [2265, 15.2, 30], [2575, 16.2, 30], [4385, 12, 10], [2035, 22.2, 30], [2490, 15.7, 30], [2933, 14.5, 20], [2123, 14, 30], [2545, 17, 20], [2984, 14.5, 20], [2720, 15.4, 30], [3282, 15, 20], [2155, 16.4, 30], [2615, 14.8, 30], [3850, 8.5, 20], [2634, 13, 20], [4633, 11, 10], [3250, 21.8, 30], [3021, 16.5, 20], [2600, 12.8, 20], [1825, 18.6, 40], [1968, 18.8, 40], [3433, 12, 20], [2582, 14, 20], [1613, 18, 40], [2278, 15.5, 20], [1940, 14.5, 30], [3085, 17.6, 20], [2671, 13.5, 30], [2595, 11.3, 30], [4215, 12.8, 10], [2380, 20.7, 30], [3150, 15.7, 20], [2430, 14.5, 20], [4335, 14.5, 20], [1945, 16.8, 30]]
2. top50 [[3121, 16.5, 20], [2144, 14.7, 40], [3003, 20.1, 20], [2046, 19, 30], [2255, 17.7, 30], [1835, 20.5, 30], [2300, 14.7, 30], [4154, 13.5, 10], [1950, 19, 30], [2635, 16.4, 30], [2904, 16, 20], [5140, 12, 10], [4100, 13, 10], [3140, 13.6, 20], [3233, 15.4, 20], [3245, 15.4, 20], [2672, 17.5, 30], [4325, 12.2, 20], [2405, 14.9, 20], [2735, 18, 30], [2430, 14.5, 20], [3664, 11, 10], [2335, 23.7, 40], [2051, 17, 30], [2745, 16.7, 20], [4080, 13.7, 20], [3190, 24.8, 30], [2625, 18.6, 30], [3609, 8, 10], [4657, 13.5, 10], [2130, 14.5, 30], [2385, 12.9, 30], [1800, 16.4, 40], [2575, 16.2, 30], [2130, 14.7, 40], [3410, 15.8, 20], [3693, 11.5, 20], [3672, 11.5, 10], [2434, 15, 40], [2120, 15.5, 30], [4363, 13, 10], [3830, 15.2, 20], [3433, 12, 20], [2545, 17, 20], [3420, 22.2, 20], [1968, 18.8, 40], [3264, 16, 20], [2025, 18.2, 40], [4060, 19, 20], [3880, 12.5, 20]]
2. top50 [[3158, 19.5, 20], [2490, 15.7, 30], [3897, 18.5, 20], [4456, 13.5, 10], [4215, 12.8, 10], [2155, 16.5, 30], [3777, 12.5, 20], [2962, 13.5, 20], [1867, 19.5, 30], [3620, 18.7, 20], [3380, 15.8, 20], [4325, 12.2, 20], [3840, 15.4, 20], [3651, 17.7, 20], [4997, 14, 10], [3940, 13, 20], [4955, 11.5, 10], [3664, 11, 10], [4746, 12, 10], [2245, 16.9, 30], [1937, 14, 30], [2050, 17.3, 40], [4906, 12.5, 10], [2572, 14.9, 30], [3264, 16, 20], [3955, 13.2, 20], [3907, 21, 20], [2025, 18.2, 40], [1875, 16.4, 40], [3160, 19.6, 30], [4274, 12, 10], [3150, 15.7, 20], [3230, 20.4, 30], [2868, 15.5, 20], [2430, 14.5, 20], [2556, 13.2, 30], [3449, 10.5, 20], [2910, 11.4, 30], [2065, 17.8, 30], [2587, 16, 20], [3193, 17.8, 20], [3329, 15.5, 20], [3121, 16.5, 20], [2545, 17, 20], [2694, 15, 20], [3436, 11, 20], [2265, 15.5, 30], [1940, 14.5, 30], [3302, 15.5, 20], [2511, 18, 20]]
2. top50 [[2735, 18, 30], [4382, 13.5, 10], [3609, 8, 10], [2575, 16.2, 30], [3085, 17.6, 20], [3870, 15, 10], [2108, 15.5, 20], [2230, 14.5, 30], [3574, 21, 20], [2254, 23.5, 20], [1937, 14.2, 30], [2164, 15, 30], [2110, 17.9, 50], [2430, 14.5, 20], [4140, 13.7, 20], [2711, 15.5, 30], [3530, 20.1, 30], [2220, 16.9, 30], [2405, 14.9, 20], [2130, 24.6, 40], [3233, 15.4, 20], [2265, 15.5, 30], [3730, 19, 20], [3830, 15.2, 20], [2228, 14, 30], [2950, 19.9, 40], [2330, 13.5, 20], [4082, 13, 20], [2490, 15.7, 30], [2700, 12.9, 30], [3651, 17.7, 20], [1975, 15.2, 30], [2190, 14.2, 30], [1825, 18.6, 40], [2019, 16.4, 40], [2500, 15.1, 40], [2300, 15.5, 30], [2833, 15.5, 20], [4209, 12, 10], [2815, 14.5, 20], [2670, 16, 30], [2795, 15.7, 20], [3880, 12.5, 20], [2155, 16.4, 30], [2375, 17.5, 30], [2945, 14.5, 20], [2525, 16, 30], [4380, 12.1, 20], [2046, 19, 30], [2085, 21.7, 40]]
2. top50 [[3730, 19, 20], [2740, 16, 20], [2545, 17, 20], [3781, 17, 20], [2065, 17.8, 30], [1970, 17.6, 30], [3955, 13.2, 20], [2835, 14.7, 20], [4906, 12.5, 10], [2945, 14.5, 20], [2830, 15.9, 20], [3360, 16.6, 20], [4190, 13, 20], [3415, 15.8, 20], [3432, 21, 20], [1968, 18.8, 40], [2120, 15.5, 30], [2868, 15.5, 20], [3021, 16.5, 20], [3190, 24.8, 30], [2914, 16, 20], [2223, 16.5, 30], [3121, 16.5, 20], [2807, 13.5, 20], [4654, 13, 10], [4376, 15, 10], [3436, 11, 20], [4325, 12.2, 20], [1613, 18, 40], [2265, 15.5, 30], [3664, 11, 10], [2110, 19.2, 40], [2226, 16.5, 20], [3907, 21, 20], [3520, 16.4, 20], [2542, 17.5, 30], [2234, 12.5, 30], [2720, 19.4, 30], [2904, 16, 20], [3892, 12.5, 20], [4129, 13, 10], [4165, 11.4, 20], [3160, 19.6, 30], [3563, 10, 20], [4096, 13, 10], [3459, 16, 20], [2074, 19.5, 30], [1975, 19.4, 40], [4380, 12.1, 20], [2957, 17, 20]]
2. top50 [[5140, 12, 10], [3840, 15.4, 20], [3015, 17, 40], [3432, 21, 20], [3830, 15.2, 20], [2408, 19, 20], [3821, 11, 10], [3563, 10, 20], [2108, 15.5, 20], [4376, 15, 10], [2800, 14.4, 30], [2634, 13, 20], [4952, 11.5, 10], [1835, 20.5, 30], [2933, 14.5, 20], [2110, 17.9, 50], [3360, 16.6, 20], [4096, 13, 10], [2587, 16, 20], [2560, 14.2, 30], [1800, 16.4, 40], [3725, 19, 30], [2065, 14.5, 30], [2542, 17, 30], [2855, 17.6, 20], [1985, 16, 30], [3785, 19, 20], [4354, 9, 10], [3410, 15.8, 20], [2125, 14.5, 30], [3755, 14, 10], [3530, 20.1, 30], [2265, 15.2, 30], [2164, 22.1, 20], [2155, 16.4, 30], [3003, 20.1, 20], [2745, 16.7, 20], [3880, 12.5, 20], [3725, 13.4, 20], [2565, 13.6, 30], [2833, 15.5, 20], [2188, 15.8, 30], [1836, 21, 30], [1955, 20.5, 30], [2320, 15.8, 30], [2245, 16.9, 30], [2678, 16.5, 30], [3086, 10, 10], [4141, 14, 20], [2130, 14.5, 30]]
2. top50 [[2560, 14.2, 30], [4380, 12.1, 20], [3150, 15.7, 20], [2288, 17, 30], [3820, 16.7, 20], [2620, 14.4, 30], [3380, 15.8, 20], [4141, 14, 20], [3085, 17.6, 20], [1795, 17.4, 30], [4746, 12, 10], [1985, 19.4, 30], [2370, 13, 40], [2130, 14.5, 30], [3233, 15.4, 20], [2220, 14, 20], [2984, 14.5, 20], [2870, 18.1, 30], [3570, 12.8, 20], [2807, 13.5, 20], [2585, 14.5, 30], [2556, 13.2, 30], [3955, 13.2, 20], [2278, 15.5, 20], [3211, 17, 20], [3139, 14.5, 20], [2830, 15.9, 20], [1950, 19, 30], [3381, 18.7, 20], [4098, 14, 10], [2910, 11.4, 30], [2310, 18.5, 20], [4699, 14.5, 10], [2372, 15, 20], [2300, 15.5, 30], [3278, 18, 20], [3230, 20.4, 30], [3459, 16, 20], [2320, 15.8, 30], [2265, 18.2, 30], [2711, 15.5, 30], [2865, 16.4, 20], [1825, 18.6, 40], [1985, 16.4, 30], [3781, 17, 20], [2171, 16, 30], [2875, 17, 20], [1875, 16.4, 40], [4633, 11, 10], [4042, 14.5, 10]]
2. top50 [[4257, 15.5, 10], [3988, 13, 10], [2735, 18, 30], [2279, 19, 20], [4274, 12, 10], [4699, 14.5, 10], [3609, 8, 10], [3353, 14.5, 20], [4082, 13, 20], [2930, 13.8, 20], [2158, 15.5, 20], [2670, 16, 30], [3630, 17.7, 20], [3725, 13.4, 20], [3777, 12.5, 20], [3962, 13.9, 20], [1613, 18, 40], [1975, 15.2, 30], [2905, 14.3, 20], [2962, 13.5, 20], [2639, 17, 20], [1800, 16.4, 40], [1985, 16, 30], [3230, 20.4, 30], [2075, 15.9, 30], [4385, 12, 10], [2635, 18.3, 30], [3645, 16.2, 20], [3278, 18, 20], [1649, 16.5, 30], [3265, 18.2, 20], [3270, 21.9, 20], [3693, 11.5, 20], [1850, 13.8, 40], [3605, 15, 20], [2720, 15.4, 30], [2155, 14.8, 30], [2125, 14.7, 40], [2164, 22.1, 20], [2295, 11.6, 30], [3520, 16.4, 20], [2000, 16, 30], [2254, 23.5, 20], [1773, 19, 30], [1985, 21.5, 40], [2587, 16, 20], [2265, 15.5, 30], [2124, 13.5, 20], [1825, 18.6, 40], [2405, 14.9, 20]]
2. top50 [[2875, 17, 20], [2108, 15.5, 20], [2575, 16.2, 30], [2020, 19.2, 30], [4274, 12, 10], [2620, 14.4, 30], [2865, 16.4, 20], [4312, 8.5, 10], [2171, 16, 30], [2210, 14.4, 30], [3190, 24.8, 30], [2130, 24.6, 40], [1836, 21, 30], [3962, 13.9, 20], [2164, 15, 30], [2984, 14.5, 20], [2464, 15.5, 30], [2965, 15.8, 20], [4140, 13.7, 20], [2065, 17.8, 30], [2595, 11.3, 30], [2246, 14, 30], [4165, 11.4, 20], [2025, 18.2, 40], [1970, 17.6, 30], [4077, 14, 10], [2490, 15.7, 30], [4215, 12.8, 10], [4257, 15.5, 10], [3410, 15.8, 20], [4422, 12.5, 10], [2300, 15.5, 30], [2265, 15.2, 30], [3353, 14.5, 20], [2945, 16, 20], [4100, 13, 10], [2945, 14.5, 20], [2585, 14.5, 30], [2962, 13.5, 20], [2807, 13.5, 20], [2375, 17.5, 30], [2110, 17.9, 50], [3988, 13, 10], [1649, 16.5, 30], [3761, 9.5, 20], [3672, 11.5, 10], [3821, 11, 10], [5140, 12, 10], [3158, 19.5, 20], [2930, 13.8, 20]]
2. top50 [[1965, 15, 40], [4237, 14.5, 10], [2795, 15.7, 20], [2945, 16, 20], [2330, 13.5, 20], [2575, 16.2, 30], [3955, 13.2, 20], [2300, 15.5, 30], [2665, 13.9, 30], [1968, 18.8, 40], [2451, 16.5, 30], [2164, 15, 30], [4422, 12.5, 10], [1970, 17.6, 30], [3140, 13.6, 20], [2420, 12.5, 20], [3012, 17.6, 20], [2320, 15.8, 30], [3278, 18, 20], [2210, 14.4, 30], [3085, 17.6, 20], [3465, 16.6, 20], [2740, 16, 20], [2265, 15.5, 30], [2190, 14.1, 30], [2830, 15.9, 20], [2019, 16.4, 40], [2434, 15, 40], [2380, 20.7, 30], [4141, 14, 20], [2188, 15.8, 30], [2265, 15.2, 30], [1985, 21.5, 40], [3381, 18.7, 20], [2984, 14.5, 20], [2046, 19, 30], [3035, 20.5, 20], [2702, 13.5, 20], [4135, 13.5, 20], [2219, 16.5, 30], [2372, 15, 20], [2950, 17.3, 30], [2930, 15.5, 20], [3365, 15.5, 20], [2051, 17, 30], [1955, 20.5, 30], [2930, 13.8, 20], [2401, 19.5, 20], [3940, 13, 20], [2124, 13.5, 20]]
2. top50 [[3250, 21.8, 30], [2950, 19.9, 40], [3410, 15.1, 20], [1965, 15, 40], [2125, 17.3, 40], [1950, 19, 30], [3955, 13.2, 20], [3725, 13.4, 20], [3433, 12, 20], [2672, 17.5, 30], [2870, 18.1, 30], [2190, 14.1, 30], [4464, 12, 10], [2003, 19, 30], [4735, 11, 10], [3012, 17.6, 20], [2615, 14.8, 30], [2774, 15.5, 20], [2219, 16.5, 30], [4294, 16, 10], [1613, 18, 40], [2385, 12.9, 30], [2188, 15.8, 30], [4096, 13, 10], [3620, 18.7, 20], [3233, 15.4, 20], [1915, 14.4, 40], [4054, 14.3, 20], [1825, 12.2, 30], [3755, 14, 10], [3139, 14.5, 20], [2110, 17.9, 50], [1980, 15.3, 40], [2905, 14.3, 20], [4295, 14.9, 20], [4098, 14, 10], [3504, 12, 20], [3574, 21, 20], [2380, 20.7, 30], [4129, 13, 10], [2210, 14.4, 30], [4997, 14, 10], [2865, 16.4, 20], [2108, 15.5, 20], [3399, 11, 20], [3439, 15.5, 20], [3015, 17, 40], [4633, 11, 10], [2408, 19.5, 20], [1985, 19.4, 30]]
2. top50 [[2070, 18.6, 40], [4354, 9, 10], [4906, 12.5, 10], [1850, 13.8, 40], [1649, 16.5, 30], [3140, 13.6, 20], [3900, 17.4, 20], [1950, 19, 30], [2720, 13.5, 20], [3940, 13, 20], [4668, 11.5, 20], [2155, 16.5, 30], [1875, 16.4, 40], [2401, 19.5, 20], [2265, 18.2, 30], [2395, 16, 20], [2205, 14.5, 40], [4096, 13, 10], [1985, 16.4, 30], [2855, 17.6, 20], [1980, 15.3, 40], [2265, 15.2, 30], [1795, 17.5, 30], [4141, 14, 20], [3211, 17, 20], [2135, 16.6, 30], [2830, 15.9, 20], [3160, 19.6, 30], [2670, 16, 30], [2050, 17.3, 40], [2665, 13.9, 30], [3190, 24.8, 30], [2807, 13.5, 20], [4209, 12, 10], [2120, 15.5, 30], [2451, 16.5, 30], [3651, 17.7, 20], [2789, 15, 20], [2962, 13.5, 20], [3632, 18, 20], [2592, 18.5, 20], [4165, 11.4, 20], [1940, 14.5, 30], [4190, 13, 20], [4082, 13, 20], [1995, 16.2, 40], [2835, 14.7, 20], [2019, 16.4, 40], [2671, 13.5, 30], [2595, 11.3, 30]]
2. top50 [[2188, 15.8, 30], [2790, 15.6, 30], [2265, 18.2, 30], [3425, 13.2, 20], [2585, 14.5, 30], [2254, 23.5, 20], [3210, 17.2, 20], [3651, 17.7, 20], [2755, 15.8, 30], [2164, 22.1, 20], [2335, 23.7, 40], [3574, 21, 20], [3830, 15.2, 20], [2625, 18.6, 30], [2670, 15, 30], [2110, 19.2, 40], [4732, 18.5, 10], [3821, 11, 10], [2800, 14.4, 30], [1867, 19.5, 30], [2265, 15.5, 30], [4325, 12.2, 20], [2025, 18.2, 40], [2065, 17.8, 30], [1836, 21, 30], [2515, 14.8, 20], [2575, 16.2, 30], [2635, 18.3, 30], [3900, 17.4, 20], [2215, 14.9, 30], [2375, 17.5, 30], [2160, 14.5, 40], [2615, 14.8, 30], [4335, 14.5, 20], [1990, 14.9, 30], [2130, 14.7, 40], [3664, 11, 10], [2223, 16.5, 30], [3150, 15.7, 20], [3035, 20.5, 20], [2945, 16.4, 30], [3504, 12, 20], [2665, 13.9, 30], [2228, 14, 30], [3155, 18.2, 20], [3190, 24.8, 30], [5140, 12, 10], [3465, 16.6, 20], [3632, 18, 20], [4274, 12, 10]]
2. top50 [[4951, 11, 10], [2074, 19.5, 30], [2110, 19.2, 40], [2620, 14.4, 30], [1649, 16.5, 30], [4425, 10, 10], [2220, 16.9, 30], [1995, 16.2, 40], [3820, 16.7, 20], [2065, 14.5, 30], [2962, 13.5, 20], [1945, 16.8, 30], [4055, 12, 10], [2720, 19.4, 30], [2372, 15, 20], [4129, 13, 10], [2210, 14.4, 30], [2615, 14.8, 30], [1613, 18, 40], [4042, 14.5, 10], [1825, 18.6, 40], [2408, 19, 20], [3015, 17, 40], [3433, 12, 20], [2700, 12.9, 30], [2130, 14.7, 40], [2110, 17.9, 50], [2223, 16.5, 30], [2264, 15.5, 30], [2125, 14.7, 40], [2451, 16.5, 30], [3233, 15.4, 20], [2085, 21.7, 40], [3465, 16.6, 20], [1940, 14.5, 30], [4906, 12.5, 10], [4257, 15.5, 10], [2155, 16.4, 30], [3449, 10.5, 20], [4154, 13.5, 10], [2330, 13.5, 20], [2807, 13.5, 20], [2230, 14.5, 30], [3415, 15.8, 20], [2123, 14, 30], [2900, 12.6, 30], [2855, 17.6, 20], [3336, 17, 20], [2246, 14, 30], [4165, 11.4, 20]]



3. most [3725, 19, 30]
3. most [3725, 19, 30]
3. most [3725, 19, 30]
3. most [3725, 19, 30]
3. most [3725, 19, 30]
3. most [3725, 19, 30]
3. most [3725, 19, 30]
3. most [3725, 19, 30]
3. most [3725, 19, 30]
3. most [3725, 19, 30]
3. most [3725, 19, 30]
3. most [3725, 19, 30]
3. most [3725, 19, 30]
3. most [3725, 19, 30]
3. most [3725, 19, 30]
3. most [3725, 19, 30]
3. most [3725, 19, 30]
3. most [3725, 19, 30]
3. most [3725, 19, 30]
3. most [3725, 19, 30]



4: rand [2711, 15.5, 30]
4: rand [2434, 15, 40]
4: rand [3504, 12, 20]
4: rand [3430, 17.2, 20]
4: rand [2144, 14.7, 40]
4: rand [3940, 13.2, 10]
4: rand [2408, 19.5, 20]
4: rand [2605, 19.6, 30]
4: rand [2774, 15.5, 20]
4: rand [2408, 19.5, 20]
4: rand [2278, 15.5, 20]
4: rand [2003, 19, 30]
4: rand [2542, 17.5, 30]
4: rand [4237, 14.5, 10]
4: rand [3630, 17.7, 20]
4: rand [2542, 17.5, 30]
4: rand [3439, 15.5, 20]
4: rand [2190, 14.1, 30]
4: rand [3085, 17.6, 20]
4: rand [2830, 15.9, 20]
4: rand [2125, 14.5, 30]
4: rand [2595, 11.3, 30]
4: rand [3725, 13.4, 20]
4: rand [4654, 13, 10]
4: rand [4376, 15, 10]
4: rand [1940, 14.5, 30]
4: rand [2945, 16.4, 30]
4: rand [4668, 11.5, 20]
4: rand [2855, 17.6, 20]
4: rand [1875, 16.4, 40]
4: rand [2790, 15.6, 30]
4: rand [2019, 16.4, 40]
4: rand [3725, 19, 30]
4: rand [2046, 19, 30]
4: rand [2245, 16.9, 30]
4: rand [3563, 10, 20]
4: rand [3520, 16.4, 20]
4: rand [2126, 17, 30]
4: rand [4140, 13.7, 20]
4: rand [3820, 16.7, 20]
4: rand [2051, 17, 30]
4: rand [2245, 16.9, 30]
4: rand [3264, 16, 20]
4: rand [3535, 19.2, 20]
4: rand [3850, 8.5, 20]
4: rand [3436, 11, 20]
4: rand [1800, 14.4, 40]
4: rand [4335, 14.5, 20]
4: rand [2160, 14.5, 40]
4: rand [3329, 15.5, 20]
4: rand [1755, 16.9, 40]
4: rand [4237, 14.5, 10]
4: rand [3158, 19.5, 20]
4: rand [2108, 15.5, 20]
4: rand [2979, 19.5, 20]
4: rand [2905, 14.3, 20]
4: rand [2670, 15, 30]
4: rand [3880, 12.5, 20]
4: rand [2807, 13.5, 20]
4: rand [2990, 18.2, 20]
4: rand [4220, 11.1, 20]
4: rand [4054, 14.3, 20]
4: rand [3205, 11.2, 20]
4: rand [2905, 14.3, 20]
4: rand [3525, 19, 20]
4: rand [2126, 17, 30]
4: rand [1965, 15, 40]
4: rand [3085, 17.6, 20]
4: rand [3645, 16.2, 20]
4: rand [2700, 12.9, 30]
4: rand [3570, 12.8, 20]
4: rand [4502, 13.5, 10]
4: rand [2420, 12.5, 20]
4: rand [2125, 14.5, 30]
4: rand [2300, 14.5, 30]
4: rand [3336, 17, 20]
4: rand [2215, 14.9, 30]
4: rand [2408, 19.5, 20]
4: rand [4295, 14.9, 20]
4: rand [2572, 14.9, 30]
4: rand [4220, 11.1, 20]
4: rand [2833, 15.5, 20]
4: rand [3086, 10, 10]
4: rand [2807, 13.5, 20]
4: rand [3651, 17.7, 20]
4: rand [3520, 16.4, 20]
4: rand [2868, 15.5, 20]
4: rand [4425, 10, 10]
4: rand [1795, 17.4, 30]
4: rand [4278, 9.5, 20]
4: rand [2155, 14.8, 30]
4: rand [2145, 18, 30]
4: rand [4498, 14.5, 20]
4: rand [3021, 16.5, 20]
4: rand [2025, 18.2, 40]
4: rand [1995, 16.2, 40]
4: rand [1980, 15.3, 40]
4: rand [2050, 17.3, 40]
4: rand [2665, 13.9, 30]
4: rand [2395, 18, 30]
4: rand [2451, 16.5, 30]
4: rand [2110, 17.9, 50]
4: rand [2380, 20.7, 30]
4: rand [4129, 13, 10]
4: rand [3693, 11.5, 20]
4: rand [1850, 13.8, 40]
4: rand [2635, 16.4, 30]
4: rand [3439, 15.5, 20]
4: rand [1925, 14, 30]
4: rand [1940, 14.5, 30]
4: rand [1795, 17.4, 30]
4: rand [2500, 15.1, 40]
4: rand [2288, 17, 30]
4: rand [2575, 16.2, 30]
4: rand [2290, 17, 30]
4: rand [4237, 14.5, 10]
4: rand [2672, 17.5, 30]
4: rand [2565, 13.6, 30]
4: rand [2226, 16.5, 20]
4: rand [4732, 18.5, 10]
4: rand [4237, 14.5, 10]
4: rand [4278, 9.5, 20]
4: rand [2050, 17.3, 40]
4: rand [4190, 13, 20]
4: rand [2511, 18, 20]
4: rand [2830, 15.9, 20]
4: rand [2420, 12.5, 20]
4: rand [2711, 15.5, 30]
4: rand [4440, 14, 20]
4: rand [2145, 18, 30]
4: rand [2585, 14.5, 30]
4: rand [3988, 13, 10]
4: rand [2219, 16.5, 30]
4: rand [4638, 16, 10]
4: rand [2720, 15.4, 30]
4: rand [4955, 11.5, 10]
4: rand [3410, 15.1, 20]
4: rand [4335, 14.5, 20]
4: rand [2190, 14.2, 30]
4: rand [3735, 13.2, 20]
4: rand [3015, 17, 40]
4: rand [2401, 19.5, 20]
4: rand [2255, 17.7, 30]
4: rand [2220, 14, 20]
4: rand [1985, 21.5, 40]
4: rand [2489, 15, 20]
4: rand [3288, 15.5, 20]
4: rand [1985, 16, 30]
4: rand [2965, 15.8, 20]
4: rand [2660, 14, 20]
4: rand [3955, 13.2, 20]
4: rand [2511, 18, 20]
4: rand [2575, 16.2, 30]
4: rand [2665, 13.9, 30]
4: rand [3003, 20.1, 20]
4: rand [3158, 19.5, 20]
4: rand [4638, 16, 10]
4: rand [2774, 15.5, 20]
4: rand [2430, 14.5, 20]
4: rand [2965, 15.8, 20]
4: rand [2790, 15.6, 30]
4: rand [2615, 14.8, 30]
4: rand [2702, 13.5, 20]
4: rand [2945, 16.4, 30]
4: rand [2110, 19.2, 40]
4: rand [2720, 19.4, 30]
4: rand [4295, 14.9, 20]
4: rand [1945, 16.8, 30]
4: rand [3415, 15.8, 20]
4: rand [3449, 10.5, 20]
4: rand [2164, 15, 30]
4: rand [2130, 14.5, 30]
4: rand [3060, 17.1, 20]
4: rand [2945, 16, 20]
4: rand [3504, 12, 20]
4: rand [3459, 16, 20]
4: rand [3436, 11, 20]
4: rand [2420, 12.5, 20]
4: rand [1975, 19.4, 40]
4: rand [3840, 15.4, 20]
4: rand [3432, 21, 20]
4: rand [2050, 17.3, 40]
4: rand [1955, 20.5, 30]
4: rand [2979, 19.5, 20]
4: rand [2220, 16.9, 30]
4: rand [2720, 15.4, 30]
4: rand [2391, 15.5, 30]
4: rand [2592, 18.5, 20]
4: rand [2310, 18.5, 20]
4: rand [2565, 13.6, 30]
4: rand [1800, 14.4, 40]
4: rand [2640, 18.6, 30]
4: rand [2120, 15.5, 30]
4: rand [3425, 16.9, 20]
4: rand [2380, 20.7, 30]
4: rand [3139, 14.5, 20]
4: rand [4951, 11, 10]
4: rand [2556, 13.2, 30]
4: rand [3620, 18.7, 20]
4: rand [2490, 15.7, 30]



5: mid [3302, 15.5, 20]
5: mid [3302, 15.5, 20]
5: mid [2370, 13, 40]
5: mid [2370, 13, 40]
5: mid [3962, 13.9, 20]
5: mid [3265, 18.2, 20]
5: mid [3420, 22.2, 20]
5: mid [4325, 12.2, 20]
5: mid [3381, 18.7, 20]
5: mid [3381, 18.7, 20]
5: mid [2875, 17, 20]
5: mid [4380, 12.1, 20]
5: mid [2635, 18.3, 30]
5: mid [3329, 15.5, 20]
5: mid [2789, 15, 20]
5: mid [3158, 19.5, 20]
5: mid [3415, 15.8, 20]
5: mid [2875, 17, 20]
5: mid [3613, 16.5, 20]
5: mid [3613, 16.5, 20]
5: mid [2125, 17.3, 40]
5: mid [2905, 14.3, 20]
5: mid [2075, 15.9, 30]
5: mid [2125, 14.7, 40]
5: mid [2255, 17.7, 30]
5: mid [2019, 16.4, 40]
5: mid [2045, 16.2, 30]
5: mid [2640, 18.6, 30]
5: mid [2130, 24.6, 40]
5: mid [2320, 15.8, 30]
5: mid [2288, 17, 30]
5: mid [2914, 16, 20]
5: mid [2215, 14.9, 30]
5: mid [2215, 14.9, 30]
5: mid [2635, 16.4, 30]
5: mid [2188, 15.8, 30]
5: mid [2188, 15.8, 30]
5: mid [2188, 15.8, 30]
5: mid [3250, 21.8, 30]
5: mid [2870, 18.1, 30]
5: mid [1850, 13.8, 40]
5: mid [1985, 19.4, 30]
5: mid [2045, 16.2, 30]
5: mid [2234, 12.5, 30]
5: mid [2500, 15.1, 40]
5: mid [1975, 15.2, 30]
5: mid [2500, 15.1, 40]
5: mid [2430, 14.5, 20]
5: mid [2430, 14.5, 20]
5: mid [2430, 14.5, 20]
5: mid [2490, 15.7, 30]
5: mid [3664, 11, 10]
5: mid [3664, 11, 10]
5: mid [2565, 13.6, 30]
5: mid [2565, 13.6, 30]
5: mid [2671, 13.5, 30]
5: mid [2795, 15.7, 20]
5: mid [2795, 15.7, 20]
5: mid [2671, 13.5, 30]
5: mid [2795, 15.7, 20]
5: mid [3140, 13.6, 20]
5: mid [3664, 11, 10]
5: mid [3897, 18.5, 20]
5: mid [2914, 16, 20]
5: mid [3278, 18, 20]
5: mid [3282, 15, 20]
5: mid [3278, 18, 20]
5: mid [2914, 16, 20]
5: mid [3563, 10, 20]
5: mid [4668, 11.5, 20]
5: mid [1867, 19.5, 30]
5: mid [1867, 19.5, 30]
5: mid [2075, 15.9, 30]
5: mid [2171, 16, 30]
5: mid [1825, 18.6, 40]
5: mid [1940, 14.5, 30]
5: mid [1836, 21, 30]
5: mid [1940, 14.5, 30]
5: mid [1825, 18.6, 40]
5: mid [1937, 14, 30]
5: mid [2310, 18.5, 20]
5: mid [1985, 19.4, 30]
5: mid [2310, 18.5, 20]
5: mid [2108, 15.5, 20]
5: mid [1915, 14.4, 40]
5: mid [2800, 14.4, 30]
5: mid [2950, 17.3, 30]
5: mid [2265, 15.2, 30]
5: mid [2950, 17.3, 30]
5: mid [2950, 17.3, 30]
5: mid [3230, 20.4, 30]
5: mid [3155, 18.2, 20]
5: mid [2910, 11.4, 30]
5: mid [2835, 14.7, 20]
5: mid [2865, 16.4, 20]
5: mid [2720, 19.4, 30]
5: mid [2515, 14.8, 20]
5: mid [2120, 15.5, 30]
5: mid [3940, 13, 20]
5: mid [3940, 13, 20]
5: mid [2188, 15.8, 30]
5: mid [2585, 14.5, 30]
5: mid [2585, 14.5, 30]
5: mid [2155, 16.4, 30]
5: mid [2585, 14.5, 30]
5: mid [2625, 18.6, 30]
5: mid [2155, 16.4, 30]
5: mid [2434, 15, 40]
5: mid [2625, 18.6, 30]
5: mid [2625, 18.6, 30]
5: mid [2620, 14.4, 30]
5: mid [1795, 17.5, 30]
5: mid [3574, 21, 20]
5: mid [3574, 21, 20]
5: mid [3574, 21, 20]
5: mid [2702, 13.5, 20]
5: mid [2702, 13.5, 20]
5: mid [3574, 21, 20]
5: mid [2984, 14.5, 20]
5: mid [3432, 21, 20]
5: mid [2945, 14.5, 20]
5: mid [2542, 17.5, 30]
5: mid [2990, 18.2, 20]
5: mid [2188, 15.8, 30]
5: mid [2230, 14.5, 30]
5: mid [2188, 15.8, 30]
5: mid [2990, 18.2, 20]
5: mid [2815, 14.5, 20]
5: mid [2300, 15.5, 30]
5: mid [2640, 18.6, 30]
5: mid [3693, 11.5, 20]
5: mid [3060, 17.1, 20]
5: mid [3725, 13.4, 20]
5: mid [3725, 13.4, 20]
5: mid [4699, 14.5, 10]
5: mid [3880, 12.5, 20]
5: mid [3725, 13.4, 20]
5: mid [3693, 11.5, 20]
5: mid [3693, 11.5, 20]
5: mid [3693, 11.5, 20]
5: mid [3830, 15.2, 20]
5: mid [2265, 18.2, 30]
5: mid [2150, 14.9, 30]
5: mid [3432, 21, 20]
5: mid [3781, 17, 20]
5: mid [2070, 18.6, 40]
5: mid [3245, 15.4, 20]
5: mid [3245, 15.4, 20]
5: mid [3245, 15.4, 20]
5: mid [3430, 17.2, 20]
5: mid [1825, 18.6, 40]
5: mid [2855, 17.6, 20]
5: mid [3015, 17, 40]
5: mid [2300, 14.7, 30]
5: mid [2300, 14.7, 30]
5: mid [2870, 18.1, 30]
5: mid [2405, 14.9, 20]
5: mid [1915, 14.4, 40]
5: mid [3250, 21.8, 30]
5: mid [1845, 15.3, 30]
5: mid [3336, 17, 20]
5: mid [3955, 13.2, 20]
5: mid [3955, 13.2, 20]
5: mid [3955, 13.2, 20]
5: mid [3955, 13.2, 20]
5: mid [3850, 8.5, 20]
5: mid [3264, 16, 20]
5: mid [3015, 17, 40]
5: mid [3015, 17, 40]
5: mid [3245, 15.4, 20]
5: mid [1834, 19, 30]
5: mid [2542, 17.5, 30]
5: mid [2755, 15.8, 30]
5: mid [2635, 18.3, 30]
5: mid [2635, 18.3, 30]
5: mid [2855, 17.6, 20]
5: mid [2855, 17.6, 20]
5: mid [2464, 15.5, 30]
5: mid [2464, 15.5, 30]
5: mid [1834, 19, 30]
5: mid [3504, 12, 20]
5: mid [2506, 14.5, 20]
5: mid [4732, 18.5, 10]
5: mid [3085, 17.6, 20]
5: mid [3830, 15.2, 20]
5: mid [3445, 13.4, 20]
5: mid [2990, 18.2, 20]
5: mid [3205, 11.2, 20]
5: mid [3365, 15.5, 20]
5: mid [2205, 14.5, 40]
5: mid [3632, 18, 20]
5: mid [2945, 16, 20]
5: mid [2945, 16, 20]
5: mid [2945, 16, 20]
5: mid [1915, 14.4, 40]
5: mid [2300, 14.5, 30]
5: mid [2300, 14.5, 30]
5: mid [2300, 14.5, 30]
5: mid [2065, 14.5, 30]



6: top [3415, 15.8, 20]
6: top [3415, 15.8, 20]
6: top [3415, 15.8, 20]
6: top [3415, 15.8, 20]
6: top [3415, 15.8, 20]
6: top [2945, 16.4, 30]
6: top [2945, 16.4, 30]
6: top [2945, 16.4, 30]
6: top [2945, 16.4, 30]
6: top [2945, 16.4, 30]
6: top [3907, 21, 20]
6: top [3907, 21, 20]
6: top [3907, 21, 20]
6: top [3907, 21, 20]
6: top [3907, 21, 20]
6: top [3907, 21, 20]
6: top [3907, 21, 20]
6: top [3907, 21, 20]
6: top [3907, 21, 20]
6: top [3907, 21, 20]
6: top [4498, 14.5, 20]
6: top [3190, 24.8, 30]
6: top [3190, 24.8, 30]
6: top [3190, 24.8, 30]
6: top [3190, 24.8, 30]
6: top [3190, 24.8, 30]
6: top [3190, 24.8, 30]
6: top [3190, 24.8, 30]
6: top [3190, 24.8, 30]
6: top [3190, 24.8, 30]
6: top [3160, 19.6, 30]
6: top [3160, 19.6, 30]
6: top [3160, 19.6, 30]
6: top [3160, 19.6, 30]
6: top [3160, 19.6, 30]
6: top [3160, 19.6, 30]
6: top [3160, 19.6, 30]
6: top [3160, 19.6, 30]
6: top [3160, 19.6, 30]
6: top [3160, 19.6, 30]
6: top [2125, 14.7, 40]
6: top [2125, 14.7, 40]
6: top [2125, 14.7, 40]
6: top [3820, 16.7, 20]
6: top [3820, 16.7, 20]
6: top [3820, 16.7, 20]
6: top [3820, 16.7, 20]
6: top [3820, 16.7, 20]
6: top [3820, 16.7, 20]
6: top [3820, 16.7, 20]
6: top [2205, 14.5, 40]
6: top [2205, 14.5, 40]
6: top [2205, 14.5, 40]
6: top [2205, 14.5, 40]
6: top [2205, 14.5, 40]
6: top [2205, 14.5, 40]
6: top [3085, 17.6, 20]
6: top [3085, 17.6, 20]
6: top [3085, 17.6, 20]
6: top [3630, 17.7, 20]
6: top [2945, 16.4, 30]
6: top [2945, 16.4, 30]
6: top [2945, 16.4, 30]
6: top [2945, 16.4, 30]
6: top [2945, 16.4, 30]
6: top [2945, 16.4, 30]
6: top [3907, 21, 20]
6: top [3907, 21, 20]
6: top [3907, 21, 20]
6: top [3907, 21, 20]
6: top [2110, 19.2, 40]
6: top [2110, 19.2, 40]
6: top [2110, 19.2, 40]
6: top [2110, 19.2, 40]
6: top [2110, 19.2, 40]
6: top [2110, 19.2, 40]
6: top [2110, 19.2, 40]
6: top [2110, 19.2, 40]
6: top [2110, 19.2, 40]
6: top [2110, 19.2, 40]
6: top [1968, 18.8, 40]
6: top [1968, 18.8, 40]
6: top [1968, 18.8, 40]
6: top [1968, 18.8, 40]
6: top [3530, 20.1, 30]
6: top [3530, 20.1, 30]
6: top [3530, 20.1, 30]
6: top [3530, 20.1, 30]
6: top [3530, 20.1, 30]
6: top [3530, 20.1, 30]
6: top [3360, 16.6, 20]
6: top [3360, 16.6, 20]
6: top [3360, 16.6, 20]
6: top [3360, 16.6, 20]
6: top [3360, 16.6, 20]
6: top [3360, 16.6, 20]
6: top [3360, 16.6, 20]
6: top [3360, 16.6, 20]
6: top [3725, 19, 30]
6: top [3725, 19, 30]
6: top [2019, 16.4, 40]
6: top [2019, 16.4, 40]
6: top [2019, 16.4, 40]
6: top [2019, 16.4, 40]
6: top [2019, 16.4, 40]
6: top [2950, 19.9, 40]
6: top [2950, 19.9, 40]
6: top [2950, 19.9, 40]
6: top [2950, 19.9, 40]
6: top [2950, 19.9, 40]
6: top [3211, 17, 20]
6: top [3211, 17, 20]
6: top [3211, 17, 20]
6: top [3211, 17, 20]
6: top [3211, 17, 20]
6: top [3211, 17, 20]
6: top [3211, 17, 20]
6: top [3211, 17, 20]
6: top [2542, 17, 30]
6: top [2542, 17, 30]
6: top [2790, 15.6, 30]
6: top [2790, 15.6, 30]
6: top [2790, 15.6, 30]
6: top [2790, 15.6, 30]
6: top [2790, 15.6, 30]
6: top [2790, 15.6, 30]
6: top [2790, 15.6, 30]
6: top [2790, 15.6, 30]
6: top [2790, 15.6, 30]
6: top [2500, 15.1, 40]
6: top [2790, 15.6, 30]
6: top [2790, 15.6, 30]
6: top [2790, 15.6, 30]
6: top [2790, 15.6, 30]
6: top [3632, 18, 20]
6: top [3632, 18, 20]
6: top [3632, 18, 20]
6: top [3632, 18, 20]
6: top [3574, 21, 20]
6: top [3574, 21, 20]
6: top [3620, 18.7, 20]
6: top [3620, 18.7, 20]
6: top [3620, 18.7, 20]
6: top [3620, 18.7, 20]
6: top [3620, 18.7, 20]
6: top [3620, 18.7, 20]
6: top [3620, 18.7, 20]
6: top [3620, 18.7, 20]
6: top [3620, 18.7, 20]
6: top [3620, 18.7, 20]
6: top [2019, 16.4, 40]
6: top [3410, 15.8, 20]
6: top [3360, 16.6, 20]
6: top [3360, 16.6, 20]
6: top [3360, 16.6, 20]
6: top [3360, 16.6, 20]
6: top [3360, 16.6, 20]
6: top [3360, 16.6, 20]
6: top [3360, 16.6, 20]
6: top [3360, 16.6, 20]
6: top [2904, 16, 20]
6: top [3574, 21, 20]
6: top [3574, 21, 20]
6: top [3574, 21, 20]
6: top [3574, 21, 20]
6: top [3530, 20.1, 30]
6: top [2950, 19.9, 40]
6: top [2950, 19.9, 40]
6: top [2950, 19.9, 40]
6: top [2950, 19.9, 40]
6: top [2075, 15.9, 30]
6: top [2075, 15.9, 30]
6: top [2075, 15.9, 30]
6: top [2035, 22.2, 30]
6: top [2035, 22.2, 30]
6: top [2035, 22.2, 30]
6: top [2035, 22.2, 30]
6: top [2035, 22.2, 30]
6: top [2035, 22.2, 30]
6: top [3820, 16.7, 20]
6: top [3530, 20.1, 30]
6: top [3530, 20.1, 30]
6: top [3530, 20.1, 30]
6: top [3530, 20.1, 30]
6: top [3530, 20.1, 30]
6: top [3530, 20.1, 30]
6: top [3530, 20.1, 30]
6: top [3530, 20.1, 30]
6: top [3530, 20.1, 30]
6: top [3530, 20.1, 30]
6: top [3265, 18.2, 20]
6: top [3265, 18.2, 20]
6: top [3265, 18.2, 20]
6: top [3265, 18.2, 20]
6: top [3265, 18.2, 20]
6: top [3265, 18.2, 20]
6: top [3265, 18.2, 20]
6: top [3265, 18.2, 20]
6: top [3265, 18.2, 20]
6: top [3265, 18.2, 20]
